[INFO] Scanning for projects...
[INFO] 
[INFO] ----------------< com.chicharronesweb:chicharronesweb >-----------------
[INFO] Building chicharronesweb 0.0.1-SNAPSHOT
[INFO]   from pom.xml
[INFO] --------------------------------[ jar ]---------------------------------
[INFO] 
[INFO] >>> spring-boot:3.5.3:run (default-cli) > test-compile @ chicharronesweb >>>
[INFO] 
[INFO] --- resources:3.3.1:resources (default-resources) @ chicharronesweb ---
[INFO] Copying 1 resource from src\main\resources to target\classes
[INFO] Copying 0 resource from src\main\resources to target\classes
[INFO] 
[INFO] --- compiler:3.14.0:compile (default-compile) @ chicharronesweb ---
[INFO] Nothing to compile - all classes are up to date.
[INFO] 
[INFO] --- resources:3.3.1:testResources (default-testResources) @ chicharronesweb ---
[INFO] skip non existing resourceDirectory C:\Users\miguel\Desktop\chicharrones-full\chicharronesweb\src\test\resources
[INFO] 
[INFO] --- compiler:3.14.0:testCompile (default-testCompile) @ chicharronesweb ---
[INFO] Nothing to compile - all classes are up to date.
[INFO] 
[INFO] <<< spring-boot:3.5.3:run (default-cli) < test-compile @ chicharronesweb <<<
[INFO] 
[INFO] 
[INFO] --- spring-boot:3.5.3:run (default-cli) @ chicharronesweb ---
[INFO] Attaching agents: []

  .   ____          _            __ _ _
 /\\ / ___'_ __ _ _(_)_ __  __ _ \ \ \ \
( ( )\___ | '_ | '_| | '_ \/ _` | \ \ \ \
 \\/  ___)| |_)| | | | | || (_| |  ) ) ) )
  '  |____| .__|_| |_|_| |_\__, | / / / /
 =========|_|==============|___/=/_/_/_/

 :: Spring Boot ::                (v3.5.3)

2025-10-20T14:23:12.284-05:00  INFO 37232 --- [chicharronesweb] [  restartedMain] c.c.p.ChicharroneswebApplication         : Starting ChicharroneswebApplication using Java 23.0.2 with PID 37232 (C:\Users\miguel\Desktop\chicharrones-full\chicharronesweb\target\classes started by Miguel in C:\Users\miguel\Desktop\chicharrones-full\chicharronesweb)
2025-10-20T14:23:12.286-05:00  INFO 37232 --- [chicharronesweb] [  restartedMain] c.c.p.ChicharroneswebApplication         : No active profile set, falling back to 1 default profile: "default"
2025-10-20T14:23:12.350-05:00  INFO 37232 --- [chicharronesweb] [  restartedMain] .e.DevToolsPropertyDefaultsPostProcessor : Devtools property defaults active! Set 'spring.devtools.add-properties' to 'false' to disable
2025-10-20T14:23:12.350-05:00  INFO 37232 --- [chicharronesweb] [  restartedMain] .e.DevToolsPropertyDefaultsPostProcessor : For additional web related logging consider setting the 'logging.level.web' property to 'DEBUG'
2025-10-20T14:23:13.412-05:00  INFO 37232 --- [chicharronesweb] [  restartedMain] .s.d.r.c.RepositoryConfigurationDelegate : Multiple Spring Data modules found, entering strict repository configuration mode
2025-10-20T14:23:13.415-05:00  INFO 37232 --- [chicharronesweb] [  restartedMain] .s.d.r.c.RepositoryConfigurationDelegate : Bootstrapping Spring Data JDBC repositories in DEFAULT mode.
2025-10-20T14:23:13.458-05:00  INFO 37232 --- [chicharronesweb] [  restartedMain] .RepositoryConfigurationExtensionSupport : Spring Data JDBC - Could not safely identify store assignment for repository candidate interface com.chicharronesweb.pedidosapi.repository.CategoriaRepository; If you want this repository to be a JDBC repository, consider annotating your entities with one of these annotations: org.springframework.data.relational.core.mapping.Table.
2025-10-20T14:23:13.458-05:00  INFO 37232 --- [chicharronesweb] [  restartedMain] .RepositoryConfigurationExtensionSupport : Spring Data JDBC - Could not safely identify store assignment for repository candidate interface com.chicharronesweb.pedidosapi.repository.DetallePedidoRepository; If you want this repository to be a JDBC repository, consider annotating your entities with one of these annotations: org.springframework.data.relational.core.mapping.Table.
2025-10-20T14:23:13.463-05:00  INFO 37232 --- [chicharronesweb] [  restartedMain] .RepositoryConfigurationExtensionSupport : Spring Data JDBC - Could not safely identify store assignment for repository candidate interface com.chicharronesweb.pedidosapi.repository.PedidoRepository; If you want this repository to be a JDBC repository, consider annotating your entities with one of these annotations: org.springframework.data.relational.core.mapping.Table.
2025-10-20T14:23:13.464-05:00  INFO 37232 --- [chicharronesweb] [  restartedMain] .RepositoryConfigurationExtensionSupport : Spring Data JDBC - Could not safely identify store assignment for repository candidate interface com.chicharronesweb.pedidosapi.repository.ProductoRepository; If you want this repository to be a JDBC repository, consider annotating your entities with one of these annotations: org.springframework.data.relational.core.mapping.Table.
2025-10-20T14:23:13.464-05:00  INFO 37232 --- [chicharronesweb] [  restartedMain] .RepositoryConfigurationExtensionSupport : Spring Data JDBC - Could not safely identify store assignment for repository candidate interface com.chicharronesweb.pedidosapi.repository.UsuarioRepository; If you want this repository to be a JDBC repository, consider annotating your entities with one of these annotations: org.springframework.data.relational.core.mapping.Table.
2025-10-20T14:23:13.464-05:00  INFO 37232 --- [chicharronesweb] [  restartedMain] .s.d.r.c.RepositoryConfigurationDelegate : Finished Spring Data repository scanning in 43 ms. Found 0 JDBC repository interfaces.
2025-10-20T14:23:13.485-05:00  INFO 37232 --- [chicharronesweb] [  restartedMain] .s.d.r.c.RepositoryConfigurationDelegate : Multiple Spring Data modules found, entering strict repository configuration mode
2025-10-20T14:23:13.486-05:00  INFO 37232 --- [chicharronesweb] [  restartedMain] .s.d.r.c.RepositoryConfigurationDelegate : Bootstrapping Spring Data JPA repositories in DEFAULT mode.
2025-10-20T14:23:13.537-05:00  INFO 37232 --- [chicharronesweb] [  restartedMain] .s.d.r.c.RepositoryConfigurationDelegate : Finished Spring Data repository scanning in 45 ms. Found 5 JPA repository interfaces.
2025-10-20T14:23:14.240-05:00  INFO 37232 --- [chicharronesweb] [  restartedMain] o.s.b.w.embedded.tomcat.TomcatWebServer  : Tomcat initialized with port 8080 (http)
2025-10-20T14:23:14.254-05:00  INFO 37232 --- [chicharronesweb] [  restartedMain] o.apache.catalina.core.StandardService   : Starting service [Tomcat]
2025-10-20T14:23:14.260-05:00  INFO 37232 --- [chicharronesweb] [  restartedMain] o.apache.catalina.core.StandardEngine    : Starting Servlet engine: [Apache Tomcat/10.1.42]
2025-10-20T14:23:14.305-05:00  INFO 37232 --- [chicharronesweb] [  restartedMain] o.a.c.c.C.[Tomcat].[localhost].[/]       : Initializing Spring embedded WebApplicationContext
2025-10-20T14:23:14.307-05:00  INFO 37232 --- [chicharronesweb] [  restartedMain] w.s.c.ServletWebServerApplicationContext : Root WebApplicationContext: initialization completed in 1956 ms
2025-10-20T14:23:14.435-05:00  INFO 37232 --- [chicharronesweb] [  restartedMain] o.hibernate.jpa.internal.util.LogHelper  : HHH000204: Processing PersistenceUnitInfo [name: default]
2025-10-20T14:23:14.470-05:00  INFO 37232 --- [chicharronesweb] [  restartedMain] org.hibernate.Version                    : HHH000412: Hibernate ORM core version 6.6.18.Final
2025-10-20T14:23:14.492-05:00  INFO 37232 --- [chicharronesweb] [  restartedMain] o.h.c.internal.RegionFactoryInitiator    : HHH000026: Second-level cache disabled
2025-10-20T14:23:14.725-05:00  INFO 37232 --- [chicharronesweb] [  restartedMain] o.s.o.j.p.SpringPersistenceUnitInfo      : No LoadTimeWeaver setup: ignoring JPA class transformer
2025-10-20T14:23:14.750-05:00  INFO 37232 --- [chicharronesweb] [  restartedMain] com.zaxxer.hikari.HikariDataSource       : HikariPool-1 - Starting...
2025-10-20T14:23:15.069-05:00  INFO 37232 --- [chicharronesweb] [  restartedMain] com.zaxxer.hikari.pool.HikariPool        : HikariPool-1 - Added connection com.mysql.cj.jdbc.ConnectionImpl@42e60b5e
2025-10-20T14:23:15.072-05:00  INFO 37232 --- [chicharronesweb] [  restartedMain] com.zaxxer.hikari.HikariDataSource       : HikariPool-1 - Start completed.
2025-10-20T14:23:15.112-05:00  WARN 37232 --- [chicharronesweb] [  restartedMain] org.hibernate.orm.deprecation            : HHH90000025: MySQL8Dialect does not need to be specified explicitly using 'hibernate.dialect' (remove the property setting and it will be selected by default)
2025-10-20T14:23:15.114-05:00  WARN 37232 --- [chicharronesweb] [  restartedMain] org.hibernate.orm.deprecation            : HHH90000026: MySQL8Dialect has been deprecated; use org.hibernate.dialect.MySQLDialect instead
2025-10-20T14:23:15.130-05:00  INFO 37232 --- [chicharronesweb] [  restartedMain] org.hibernate.orm.connections.pooling    : HHH10001005: Database info:
	Database JDBC URL [Connecting through datasource 'HikariDataSource (HikariPool-1)']
	Database driver: undefined/unknown
	Database version: 8.0
	Autocommit mode: undefined/unknown
	Isolation level: undefined/unknown
	Minimum pool size: undefined/unknown
	Maximum pool size: undefined/unknown
2025-10-20T14:23:16.058-05:00  INFO 37232 --- [chicharronesweb] [  restartedMain] o.h.e.t.j.p.i.JtaPlatformInitiator       : HHH000489: No JTA platform available (set 'hibernate.transaction.jta.platform' to enable JTA platform integration)
2025-10-20T14:23:16.157-05:00  INFO 37232 --- [chicharronesweb] [  restartedMain] j.LocalContainerEntityManagerFactoryBean : Initialized JPA EntityManagerFactory for persistence unit 'default'
2025-10-20T14:23:16.375-05:00  INFO 37232 --- [chicharronesweb] [  restartedMain] o.s.d.j.r.query.QueryEnhancerFactory     : Hibernate is in classpath; If applicable, HQL parser will be used.
2025-10-20T14:23:17.015-05:00  WARN 37232 --- [chicharronesweb] [  restartedMain] JpaBaseConfiguration$JpaWebConfiguration : spring.jpa.open-in-view is enabled by default. Therefore, database queries may be performed during view rendering. Explicitly configure spring.jpa.open-in-view to disable this warning
2025-10-20T14:23:17.225-05:00  WARN 37232 --- [chicharronesweb] [  restartedMain] .s.s.UserDetailsServiceAutoConfiguration : 

Using generated security password: 16cf1fe6-d049-48d9-b135-a60c20e2f360

This generated password is for development use only. Your security configuration must be updated before running your application in production.

2025-10-20T14:23:17.238-05:00  INFO 37232 --- [chicharronesweb] [  restartedMain] r$InitializeUserDetailsManagerConfigurer : Global AuthenticationManager configured with UserDetailsService bean with name inMemoryUserDetailsManager
2025-10-20T14:23:17.325-05:00  INFO 37232 --- [chicharronesweb] [  restartedMain] o.s.v.b.OptionalValidatorFactoryBean     : Failed to set up a Bean Validation provider: jakarta.validation.NoProviderFoundException: Unable to create a Configuration, because no Jakarta Bean Validation provider could be found. Add a provider like Hibernate Validator (RI) to your classpath.
2025-10-20T14:23:17.615-05:00  WARN 37232 --- [chicharronesweb] [  restartedMain] o.s.b.d.a.OptionalLiveReloadServer       : Unable to start LiveReload server
2025-10-20T14:23:17.633-05:00  WARN 37232 --- [chicharronesweb] [  restartedMain] ConfigServletWebServerApplicationContext : Exception encountered during context initialization - cancelling refresh attempt: org.springframework.context.ApplicationContextException: Failed to start bean 'webServerStartStop'
2025-10-20T14:23:17.637-05:00  INFO 37232 --- [chicharronesweb] [  restartedMain] j.LocalContainerEntityManagerFactoryBean : Closing JPA EntityManagerFactory for persistence unit 'default'
2025-10-20T14:23:17.639-05:00  INFO 37232 --- [chicharronesweb] [  restartedMain] com.zaxxer.hikari.HikariDataSource       : HikariPool-1 - Shutdown initiated...
2025-10-20T14:23:17.647-05:00  INFO 37232 --- [chicharronesweb] [  restartedMain] com.zaxxer.hikari.HikariDataSource       : HikariPool-1 - Shutdown completed.
2025-10-20T14:23:17.661-05:00  INFO 37232 --- [chicharronesweb] [  restartedMain] .s.b.a.l.ConditionEvaluationReportLogger : 

Error starting ApplicationContext. To display the condition evaluation report re-run your application with 'debug' enabled.
2025-10-20T14:23:17.678-05:00 ERROR 37232 --- [chicharronesweb] [  restartedMain] o.s.b.d.LoggingFailureAnalysisReporter   : 

***************************
APPLICATION FAILED TO START
***************************

Description:

Web server failed to start. Port 8080 was already in use.

Action:

Identify and stop the process that's listening on port 8080 or configure this application to listen on another port.

[INFO] ------------------------------------------------------------------------
[INFO] BUILD SUCCESS
[INFO] ------------------------------------------------------------------------
[INFO] Total time:  9.195 s
[INFO] Finished at: 2025-10-20T14:23:17-05:00
[INFO] ------------------------------------------------------------------------
